{"__type":"$$EventMessageWorkflow","id":"6fab259c-d1c7-42e3-a30c-91157c3b50b5","ts":"2025-12-18T14:35:13.688+07:00","eventName":"n8n.workflow.started","message":"n8n.workflow.started","payload":{"executionId":"121","workflowId":"aAVgvQYkGOlNslfR","isManual":false,"workflowName":"Ijazah"}}
{"__type":"$$EventMessageConfirm","confirm":"6fab259c-d1c7-42e3-a30c-91157c3b50b5","ts":"2025-12-18T14:35:13.689+07:00","source":{"id":"0","name":"eventBus"}}
{"__type":"$$EventMessageNode","id":"116743b3-b9e3-422f-978f-b0c3bdbba420","ts":"2025-12-18T14:35:13.692+07:00","eventName":"n8n.node.started","message":"n8n.node.started","payload":{"workflowId":"aAVgvQYkGOlNslfR","workflowName":"Ijazah","executionId":"121","nodeType":"n8n-nodes-base.webhook","nodeName":"Webhook","nodeId":"d910cb0d-d8b2-4fe9-8844-dd1b9c847a8b"}}
{"__type":"$$EventMessageConfirm","confirm":"116743b3-b9e3-422f-978f-b0c3bdbba420","ts":"2025-12-18T14:35:13.692+07:00","source":{"id":"0","name":"eventBus"}}
{"__type":"$$EventMessageNode","id":"31170b91-aabc-443b-8061-3b8b97882ca7","ts":"2025-12-18T14:35:13.695+07:00","eventName":"n8n.node.finished","message":"n8n.node.finished","payload":{"workflowId":"aAVgvQYkGOlNslfR","workflowName":"Ijazah","executionId":"121","nodeType":"n8n-nodes-base.webhook","nodeName":"Webhook","nodeId":"d910cb0d-d8b2-4fe9-8844-dd1b9c847a8b"}}
{"__type":"$$EventMessageConfirm","confirm":"31170b91-aabc-443b-8061-3b8b97882ca7","ts":"2025-12-18T14:35:13.695+07:00","source":{"id":"0","name":"eventBus"}}
{"__type":"$$EventMessageNode","id":"5d037dc7-4827-4a2b-95b1-0a7ce125fbda","ts":"2025-12-18T14:35:13.698+07:00","eventName":"n8n.node.started","message":"n8n.node.started","payload":{"workflowId":"aAVgvQYkGOlNslfR","workflowName":"Ijazah","executionId":"121","nodeType":"@devlikeapro/n8n-nodes-waha.WAHA","nodeName":"Send a text message","nodeId":"abfd3002-ff02-4e86-a4ae-6ab8482beb3a"}}
{"__type":"$$EventMessageConfirm","confirm":"5d037dc7-4827-4a2b-95b1-0a7ce125fbda","ts":"2025-12-18T14:35:13.698+07:00","source":{"id":"0","name":"eventBus"}}
{"__type":"$$EventMessageNode","id":"aafc563e-395a-4a70-b223-918f68d2496c","ts":"2025-12-18T14:35:19.015+07:00","eventName":"n8n.node.finished","message":"n8n.node.finished","payload":{"workflowId":"aAVgvQYkGOlNslfR","workflowName":"Ijazah","executionId":"121","nodeType":"@devlikeapro/n8n-nodes-waha.WAHA","nodeName":"Send a text message","nodeId":"abfd3002-ff02-4e86-a4ae-6ab8482beb3a"}}
{"__type":"$$EventMessageConfirm","confirm":"aafc563e-395a-4a70-b223-918f68d2496c","ts":"2025-12-18T14:35:19.015+07:00","source":{"id":"0","name":"eventBus"}}
{"__type":"$$EventMessageWorkflow","id":"2e6c5f49-b080-4ff1-a8b0-8124c92e52fd","ts":"2025-12-18T14:35:19.048+07:00","eventName":"n8n.workflow.failed","message":"n8n.workflow.failed","payload":{"executionId":"121","success":false,"isManual":true,"workflowId":"aAVgvQYkGOlNslfR","workflowName":"Ijazah","lastNodeExecuted":"Send a text message","errorNodeType":"@devlikeapro/n8n-nodes-waha.WAHA","errorMessage":"Your request is invalid or could not be processed by the service"}}
{"__type":"$$EventMessageConfirm","confirm":"2e6c5f49-b080-4ff1-a8b0-8124c92e52fd","ts":"2025-12-18T14:35:19.049+07:00","source":{"id":"0","name":"eventBus"}}
{"__type":"$$EventMessageWorkflow","id":"b6fe3f1d-fab9-45e0-b9ab-74d1b84dfccb","ts":"2025-12-18T14:35:35.755+07:00","eventName":"n8n.workflow.started","message":"n8n.workflow.started","payload":{"executionId":"122","workflowId":"aAVgvQYkGOlNslfR","isManual":false,"workflowName":"Ijazah"}}
{"__type":"$$EventMessageConfirm","confirm":"b6fe3f1d-fab9-45e0-b9ab-74d1b84dfccb","ts":"2025-12-18T14:35:35.756+07:00","source":{"id":"0","name":"eventBus"}}
{"__type":"$$EventMessageNode","id":"a5821a4c-61c6-47bd-889b-43bd961a8b03","ts":"2025-12-18T14:35:35.757+07:00","eventName":"n8n.node.started","message":"n8n.node.started","payload":{"workflowId":"aAVgvQYkGOlNslfR","workflowName":"Ijazah","executionId":"122","nodeType":"n8n-nodes-base.webhook","nodeName":"Webhook","nodeId":"d910cb0d-d8b2-4fe9-8844-dd1b9c847a8b"}}
{"__type":"$$EventMessageConfirm","confirm":"a5821a4c-61c6-47bd-889b-43bd961a8b03","ts":"2025-12-18T14:35:35.757+07:00","source":{"id":"0","name":"eventBus"}}
{"__type":"$$EventMessageNode","id":"62007fa7-9729-4371-92e6-1b02e65e4093","ts":"2025-12-18T14:35:35.758+07:00","eventName":"n8n.node.finished","message":"n8n.node.finished","payload":{"workflowId":"aAVgvQYkGOlNslfR","workflowName":"Ijazah","executionId":"122","nodeType":"n8n-nodes-base.webhook","nodeName":"Webhook","nodeId":"d910cb0d-d8b2-4fe9-8844-dd1b9c847a8b"}}
{"__type":"$$EventMessageConfirm","confirm":"62007fa7-9729-4371-92e6-1b02e65e4093","ts":"2025-12-18T14:35:35.758+07:00","source":{"id":"0","name":"eventBus"}}
{"__type":"$$EventMessageNode","id":"723ae02e-e8c0-4b89-a591-1a8bb2029957","ts":"2025-12-18T14:35:35.760+07:00","eventName":"n8n.node.started","message":"n8n.node.started","payload":{"workflowId":"aAVgvQYkGOlNslfR","workflowName":"Ijazah","executionId":"122","nodeType":"@devlikeapro/n8n-nodes-waha.WAHA","nodeName":"Send a text message","nodeId":"abfd3002-ff02-4e86-a4ae-6ab8482beb3a"}}
{"__type":"$$EventMessageConfirm","confirm":"723ae02e-e8c0-4b89-a591-1a8bb2029957","ts":"2025-12-18T14:35:35.761+07:00","source":{"id":"0","name":"eventBus"}}
{"__type":"$$EventMessageNode","id":"cd7077c3-7388-4a2e-a31f-4db8dbb8ed10","ts":"2025-12-18T14:35:45.823+07:00","eventName":"n8n.node.finished","message":"n8n.node.finished","payload":{"workflowId":"aAVgvQYkGOlNslfR","workflowName":"Ijazah","executionId":"122","nodeType":"@devlikeapro/n8n-nodes-waha.WAHA","nodeName":"Send a text message","nodeId":"abfd3002-ff02-4e86-a4ae-6ab8482beb3a"}}
{"__type":"$$EventMessageConfirm","confirm":"cd7077c3-7388-4a2e-a31f-4db8dbb8ed10","ts":"2025-12-18T14:35:45.823+07:00","source":{"id":"0","name":"eventBus"}}
{"__type":"$$EventMessageWorkflow","id":"af4818ef-955b-4a12-8904-2af005059afb","ts":"2025-12-18T14:35:45.834+07:00","eventName":"n8n.workflow.failed","message":"n8n.workflow.failed","payload":{"executionId":"122","success":false,"isManual":true,"workflowId":"aAVgvQYkGOlNslfR","workflowName":"Ijazah","lastNodeExecuted":"Send a text message","errorNodeType":"@devlikeapro/n8n-nodes-waha.WAHA","errorMessage":"Your request is invalid or could not be processed by the service"}}
{"__type":"$$EventMessageConfirm","confirm":"af4818ef-955b-4a12-8904-2af005059afb","ts":"2025-12-18T14:35:45.835+07:00","source":{"id":"0","name":"eventBus"}}
{"__type":"$$EventMessageWorkflow","id":"1361399f-e782-4297-8153-493e981266c0","ts":"2025-12-18T14:43:10.764+07:00","eventName":"n8n.workflow.started","message":"n8n.workflow.started","payload":{"executionId":"123","workflowId":"aAVgvQYkGOlNslfR","isManual":false,"workflowName":"Ijazah"}}
{"__type":"$$EventMessageConfirm","confirm":"1361399f-e782-4297-8153-493e981266c0","ts":"2025-12-18T14:43:10.764+07:00","source":{"id":"0","name":"eventBus"}}
{"__type":"$$EventMessageNode","id":"b492fb0a-4794-40e1-9c7e-0827755535cf","ts":"2025-12-18T14:43:10.765+07:00","eventName":"n8n.node.started","message":"n8n.node.started","payload":{"workflowId":"aAVgvQYkGOlNslfR","workflowName":"Ijazah","executionId":"123","nodeType":"n8n-nodes-base.webhook","nodeName":"Webhook","nodeId":"d910cb0d-d8b2-4fe9-8844-dd1b9c847a8b"}}
{"__type":"$$EventMessageConfirm","confirm":"b492fb0a-4794-40e1-9c7e-0827755535cf","ts":"2025-12-18T14:43:10.765+07:00","source":{"id":"0","name":"eventBus"}}
{"__type":"$$EventMessageNode","id":"09105d21-f250-499c-8689-4cf572885144","ts":"2025-12-18T14:43:10.766+07:00","eventName":"n8n.node.finished","message":"n8n.node.finished","payload":{"workflowId":"aAVgvQYkGOlNslfR","workflowName":"Ijazah","executionId":"123","nodeType":"n8n-nodes-base.webhook","nodeName":"Webhook","nodeId":"d910cb0d-d8b2-4fe9-8844-dd1b9c847a8b"}}
{"__type":"$$EventMessageConfirm","confirm":"09105d21-f250-499c-8689-4cf572885144","ts":"2025-12-18T14:43:10.766+07:00","source":{"id":"0","name":"eventBus"}}
{"__type":"$$EventMessageNode","id":"92a8a466-4aa0-4faf-ba8f-6fb4b71b6185","ts":"2025-12-18T14:43:10.768+07:00","eventName":"n8n.node.started","message":"n8n.node.started","payload":{"workflowId":"aAVgvQYkGOlNslfR","workflowName":"Ijazah","executionId":"123","nodeType":"@devlikeapro/n8n-nodes-waha.WAHA","nodeName":"Send a text message","nodeId":"abfd3002-ff02-4e86-a4ae-6ab8482beb3a"}}
{"__type":"$$EventMessageConfirm","confirm":"92a8a466-4aa0-4faf-ba8f-6fb4b71b6185","ts":"2025-12-18T14:43:10.768+07:00","source":{"id":"0","name":"eventBus"}}
{"__type":"$$EventMessageNode","id":"6e842ce1-4e55-4f33-8a03-91debbc5e91c","ts":"2025-12-18T14:43:10.902+07:00","eventName":"n8n.node.finished","message":"n8n.node.finished","payload":{"workflowId":"aAVgvQYkGOlNslfR","workflowName":"Ijazah","executionId":"123","nodeType":"@devlikeapro/n8n-nodes-waha.WAHA","nodeName":"Send a text message","nodeId":"abfd3002-ff02-4e86-a4ae-6ab8482beb3a"}}
{"__type":"$$EventMessageConfirm","confirm":"6e842ce1-4e55-4f33-8a03-91debbc5e91c","ts":"2025-12-18T14:43:10.903+07:00","source":{"id":"0","name":"eventBus"}}
{"__type":"$$EventMessageNode","id":"b2c0f064-98e9-4541-9adc-d9e4b62d3abd","ts":"2025-12-18T14:43:10.904+07:00","eventName":"n8n.node.started","message":"n8n.node.started","payload":{"workflowId":"aAVgvQYkGOlNslfR","workflowName":"Ijazah","executionId":"123","nodeType":"n8n-nodes-base.readWriteFile","nodeName":"Read/Write Files from Disk","nodeId":"2804feee-2a38-44b8-a96f-5bf3b9fab5bf"}}
{"__type":"$$EventMessageConfirm","confirm":"b2c0f064-98e9-4541-9adc-d9e4b62d3abd","ts":"2025-12-18T14:43:10.904+07:00","source":{"id":"0","name":"eventBus"}}
{"__type":"$$EventMessageNode","id":"217bb202-5b73-4c95-8bba-4cdc5d721569","ts":"2025-12-18T14:43:10.923+07:00","eventName":"n8n.node.finished","message":"n8n.node.finished","payload":{"workflowId":"aAVgvQYkGOlNslfR","workflowName":"Ijazah","executionId":"123","nodeType":"n8n-nodes-base.readWriteFile","nodeName":"Read/Write Files from Disk","nodeId":"2804feee-2a38-44b8-a96f-5bf3b9fab5bf"}}
{"__type":"$$EventMessageConfirm","confirm":"217bb202-5b73-4c95-8bba-4cdc5d721569","ts":"2025-12-18T14:43:10.923+07:00","source":{"id":"0","name":"eventBus"}}
{"__type":"$$EventMessageNode","id":"b09f3760-f315-4a5b-93b9-ed21a525d009","ts":"2025-12-18T14:43:10.924+07:00","eventName":"n8n.node.started","message":"n8n.node.started","payload":{"workflowId":"aAVgvQYkGOlNslfR","workflowName":"Ijazah","executionId":"123","nodeType":"n8n-nodes-base.executeCommand","nodeName":"Execute Command","nodeId":"69037477-3fcb-457f-bddf-769d413f5895"}}
{"__type":"$$EventMessageConfirm","confirm":"b09f3760-f315-4a5b-93b9-ed21a525d009","ts":"2025-12-18T14:43:10.925+07:00","source":{"id":"0","name":"eventBus"}}
{"__type":"$$EventMessageNode","id":"fe6c59a7-5edf-467d-adcc-1e641af3dc2e","ts":"2025-12-18T14:43:12.438+07:00","eventName":"n8n.node.finished","message":"n8n.node.finished","payload":{"workflowId":"aAVgvQYkGOlNslfR","workflowName":"Ijazah","executionId":"123","nodeType":"n8n-nodes-base.executeCommand","nodeName":"Execute Command","nodeId":"69037477-3fcb-457f-bddf-769d413f5895"}}
{"__type":"$$EventMessageConfirm","confirm":"fe6c59a7-5edf-467d-adcc-1e641af3dc2e","ts":"2025-12-18T14:43:12.438+07:00","source":{"id":"0","name":"eventBus"}}
{"__type":"$$EventMessageNode","id":"d4d4d9b6-1019-434e-b8d2-5d0981f92bee","ts":"2025-12-18T14:43:12.440+07:00","eventName":"n8n.node.started","message":"n8n.node.started","payload":{"workflowId":"aAVgvQYkGOlNslfR","workflowName":"Ijazah","executionId":"123","nodeType":"n8n-nodes-base.code","nodeName":"Code in JavaScript","nodeId":"19f577c9-57a3-4205-a018-e6c1e4acc116"}}
{"__type":"$$EventMessageConfirm","confirm":"d4d4d9b6-1019-434e-b8d2-5d0981f92bee","ts":"2025-12-18T14:43:12.440+07:00","source":{"id":"0","name":"eventBus"}}
{"__type":"$$EventMessageNode","id":"dc06582e-7b67-4300-ba6f-424061e1f90f","ts":"2025-12-18T14:43:12.486+07:00","eventName":"n8n.node.finished","message":"n8n.node.finished","payload":{"workflowId":"aAVgvQYkGOlNslfR","workflowName":"Ijazah","executionId":"123","nodeType":"n8n-nodes-base.code","nodeName":"Code in JavaScript","nodeId":"19f577c9-57a3-4205-a018-e6c1e4acc116"}}
{"__type":"$$EventMessageConfirm","confirm":"dc06582e-7b67-4300-ba6f-424061e1f90f","ts":"2025-12-18T14:43:12.486+07:00","source":{"id":"0","name":"eventBus"}}
{"__type":"$$EventMessageNode","id":"de2ba6b5-423e-4e33-94fd-dbe9164ce4fb","ts":"2025-12-18T14:43:12.489+07:00","eventName":"n8n.node.started","message":"n8n.node.started","payload":{"workflowId":"aAVgvQYkGOlNslfR","workflowName":"Ijazah","executionId":"123","nodeType":"n8n-nodes-base.mySql","nodeName":"MySQL","nodeId":"160e0b02-6a0e-40e4-be40-4ed2f51308a3"}}
{"__type":"$$EventMessageConfirm","confirm":"de2ba6b5-423e-4e33-94fd-dbe9164ce4fb","ts":"2025-12-18T14:43:12.489+07:00","source":{"id":"0","name":"eventBus"}}
{"__type":"$$EventMessageNode","id":"6659ea57-7431-43a4-a96e-ccce6ec1f875","ts":"2025-12-18T14:43:12.608+07:00","eventName":"n8n.node.finished","message":"n8n.node.finished","payload":{"workflowId":"aAVgvQYkGOlNslfR","workflowName":"Ijazah","executionId":"123","nodeType":"n8n-nodes-base.mySql","nodeName":"MySQL","nodeId":"160e0b02-6a0e-40e4-be40-4ed2f51308a3"}}
{"__type":"$$EventMessageConfirm","confirm":"6659ea57-7431-43a4-a96e-ccce6ec1f875","ts":"2025-12-18T14:43:12.608+07:00","source":{"id":"0","name":"eventBus"}}
{"__type":"$$EventMessageNode","id":"c8e2b72d-ff56-41fb-bdd2-ad98aee54098","ts":"2025-12-18T14:43:12.609+07:00","eventName":"n8n.node.started","message":"n8n.node.started","payload":{"workflowId":"aAVgvQYkGOlNslfR","workflowName":"Ijazah","executionId":"123","nodeType":"n8n-nodes-base.if","nodeName":"If","nodeId":"c89494d5-54a9-409d-8c02-d47fc6edf3dd"}}
{"__type":"$$EventMessageConfirm","confirm":"c8e2b72d-ff56-41fb-bdd2-ad98aee54098","ts":"2025-12-18T14:43:12.609+07:00","source":{"id":"0","name":"eventBus"}}
{"__type":"$$EventMessageNode","id":"b2bdbf47-8829-412d-aeff-eadf48376c38","ts":"2025-12-18T14:43:12.623+07:00","eventName":"n8n.node.finished","message":"n8n.node.finished","payload":{"workflowId":"aAVgvQYkGOlNslfR","workflowName":"Ijazah","executionId":"123","nodeType":"n8n-nodes-base.if","nodeName":"If","nodeId":"c89494d5-54a9-409d-8c02-d47fc6edf3dd"}}
{"__type":"$$EventMessageConfirm","confirm":"b2bdbf47-8829-412d-aeff-eadf48376c38","ts":"2025-12-18T14:43:12.623+07:00","source":{"id":"0","name":"eventBus"}}
{"__type":"$$EventMessageNode","id":"c879e18c-9cdc-487d-9c14-68a42bcafdf0","ts":"2025-12-18T14:43:12.624+07:00","eventName":"n8n.node.started","message":"n8n.node.started","payload":{"workflowId":"aAVgvQYkGOlNslfR","workflowName":"Ijazah","executionId":"123","nodeType":"@devlikeapro/n8n-nodes-waha.WAHA","nodeName":"Send a text message1","nodeId":"a589a592-d125-4a49-be28-b7fca4ebbea0"}}
{"__type":"$$EventMessageConfirm","confirm":"c879e18c-9cdc-487d-9c14-68a42bcafdf0","ts":"2025-12-18T14:43:12.624+07:00","source":{"id":"0","name":"eventBus"}}
{"__type":"$$EventMessageNode","id":"b46bbacf-58be-48e2-ba9c-3336a00b196f","ts":"2025-12-18T14:43:12.735+07:00","eventName":"n8n.node.finished","message":"n8n.node.finished","payload":{"workflowId":"aAVgvQYkGOlNslfR","workflowName":"Ijazah","executionId":"123","nodeType":"@devlikeapro/n8n-nodes-waha.WAHA","nodeName":"Send a text message1","nodeId":"a589a592-d125-4a49-be28-b7fca4ebbea0"}}
{"__type":"$$EventMessageConfirm","confirm":"b46bbacf-58be-48e2-ba9c-3336a00b196f","ts":"2025-12-18T14:43:12.735+07:00","source":{"id":"0","name":"eventBus"}}
{"__type":"$$EventMessageWorkflow","id":"571166f3-1901-4992-a260-c46ac1901990","ts":"2025-12-18T14:43:12.754+07:00","eventName":"n8n.workflow.success","message":"n8n.workflow.success","payload":{"executionId":"123","success":true,"isManual":true,"workflowId":"aAVgvQYkGOlNslfR","workflowName":"Ijazah"}}
{"__type":"$$EventMessageConfirm","confirm":"571166f3-1901-4992-a260-c46ac1901990","ts":"2025-12-18T14:43:12.755+07:00","source":{"id":"0","name":"eventBus"}}
{"__type":"$$EventMessageWorkflow","id":"c0e33d46-a328-4993-95be-71453d0ea6f7","ts":"2025-12-18T14:43:31.573+07:00","eventName":"n8n.workflow.started","message":"n8n.workflow.started","payload":{"executionId":"124","workflowId":"aAVgvQYkGOlNslfR","isManual":false,"workflowName":"Ijazah"}}
{"__type":"$$EventMessageConfirm","confirm":"c0e33d46-a328-4993-95be-71453d0ea6f7","ts":"2025-12-18T14:43:31.573+07:00","source":{"id":"0","name":"eventBus"}}
{"__type":"$$EventMessageNode","id":"6895c884-f18d-499c-a750-c3abe838f554","ts":"2025-12-18T14:43:31.574+07:00","eventName":"n8n.node.started","message":"n8n.node.started","payload":{"workflowId":"aAVgvQYkGOlNslfR","workflowName":"Ijazah","executionId":"124","nodeType":"n8n-nodes-base.webhook","nodeName":"Webhook","nodeId":"d910cb0d-d8b2-4fe9-8844-dd1b9c847a8b"}}
{"__type":"$$EventMessageConfirm","confirm":"6895c884-f18d-499c-a750-c3abe838f554","ts":"2025-12-18T14:43:31.574+07:00","source":{"id":"0","name":"eventBus"}}
{"__type":"$$EventMessageNode","id":"224fb0ba-4056-455c-827e-97c03761b85a","ts":"2025-12-18T14:43:31.575+07:00","eventName":"n8n.node.finished","message":"n8n.node.finished","payload":{"workflowId":"aAVgvQYkGOlNslfR","workflowName":"Ijazah","executionId":"124","nodeType":"n8n-nodes-base.webhook","nodeName":"Webhook","nodeId":"d910cb0d-d8b2-4fe9-8844-dd1b9c847a8b"}}
{"__type":"$$EventMessageConfirm","confirm":"224fb0ba-4056-455c-827e-97c03761b85a","ts":"2025-12-18T14:43:31.575+07:00","source":{"id":"0","name":"eventBus"}}
{"__type":"$$EventMessageNode","id":"78d48f0e-9bac-4d6f-acdd-9a7c97c5cde6","ts":"2025-12-18T14:43:31.577+07:00","eventName":"n8n.node.started","message":"n8n.node.started","payload":{"workflowId":"aAVgvQYkGOlNslfR","workflowName":"Ijazah","executionId":"124","nodeType":"@devlikeapro/n8n-nodes-waha.WAHA","nodeName":"Send a text message","nodeId":"abfd3002-ff02-4e86-a4ae-6ab8482beb3a"}}
{"__type":"$$EventMessageConfirm","confirm":"78d48f0e-9bac-4d6f-acdd-9a7c97c5cde6","ts":"2025-12-18T14:43:31.577+07:00","source":{"id":"0","name":"eventBus"}}
{"__type":"$$EventMessageNode","id":"9a5eb6a7-e2d5-4b64-be62-9e2e5575f9ee","ts":"2025-12-18T14:43:31.665+07:00","eventName":"n8n.node.finished","message":"n8n.node.finished","payload":{"workflowId":"aAVgvQYkGOlNslfR","workflowName":"Ijazah","executionId":"124","nodeType":"@devlikeapro/n8n-nodes-waha.WAHA","nodeName":"Send a text message","nodeId":"abfd3002-ff02-4e86-a4ae-6ab8482beb3a"}}
{"__type":"$$EventMessageConfirm","confirm":"9a5eb6a7-e2d5-4b64-be62-9e2e5575f9ee","ts":"2025-12-18T14:43:31.665+07:00","source":{"id":"0","name":"eventBus"}}
{"__type":"$$EventMessageNode","id":"fc346927-d462-44c1-a4c2-5b73a4578a04","ts":"2025-12-18T14:43:31.666+07:00","eventName":"n8n.node.started","message":"n8n.node.started","payload":{"workflowId":"aAVgvQYkGOlNslfR","workflowName":"Ijazah","executionId":"124","nodeType":"n8n-nodes-base.readWriteFile","nodeName":"Read/Write Files from Disk","nodeId":"2804feee-2a38-44b8-a96f-5bf3b9fab5bf"}}
{"__type":"$$EventMessageConfirm","confirm":"fc346927-d462-44c1-a4c2-5b73a4578a04","ts":"2025-12-18T14:43:31.666+07:00","source":{"id":"0","name":"eventBus"}}
{"__type":"$$EventMessageNode","id":"e42242e3-4fa1-431b-b715-3fa91741c5eb","ts":"2025-12-18T14:43:31.671+07:00","eventName":"n8n.node.finished","message":"n8n.node.finished","payload":{"workflowId":"aAVgvQYkGOlNslfR","workflowName":"Ijazah","executionId":"124","nodeType":"n8n-nodes-base.readWriteFile","nodeName":"Read/Write Files from Disk","nodeId":"2804feee-2a38-44b8-a96f-5bf3b9fab5bf"}}
{"__type":"$$EventMessageConfirm","confirm":"e42242e3-4fa1-431b-b715-3fa91741c5eb","ts":"2025-12-18T14:43:31.671+07:00","source":{"id":"0","name":"eventBus"}}
{"__type":"$$EventMessageNode","id":"d58c45e2-4673-4993-967b-f2ee984b0910","ts":"2025-12-18T14:43:31.674+07:00","eventName":"n8n.node.started","message":"n8n.node.started","payload":{"workflowId":"aAVgvQYkGOlNslfR","workflowName":"Ijazah","executionId":"124","nodeType":"n8n-nodes-base.executeCommand","nodeName":"Execute Command","nodeId":"69037477-3fcb-457f-bddf-769d413f5895"}}
{"__type":"$$EventMessageConfirm","confirm":"d58c45e2-4673-4993-967b-f2ee984b0910","ts":"2025-12-18T14:43:31.674+07:00","source":{"id":"0","name":"eventBus"}}
{"__type":"$$EventMessageNode","id":"084b964e-ac13-4c8f-a7c3-2ac5d3252142","ts":"2025-12-18T14:43:32.189+07:00","eventName":"n8n.node.finished","message":"n8n.node.finished","payload":{"workflowId":"aAVgvQYkGOlNslfR","workflowName":"Ijazah","executionId":"124","nodeType":"n8n-nodes-base.executeCommand","nodeName":"Execute Command","nodeId":"69037477-3fcb-457f-bddf-769d413f5895"}}
{"__type":"$$EventMessageConfirm","confirm":"084b964e-ac13-4c8f-a7c3-2ac5d3252142","ts":"2025-12-18T14:43:32.189+07:00","source":{"id":"0","name":"eventBus"}}
{"__type":"$$EventMessageNode","id":"e50c8151-3971-48d6-873c-38097d60764d","ts":"2025-12-18T14:43:32.189+07:00","eventName":"n8n.node.started","message":"n8n.node.started","payload":{"workflowId":"aAVgvQYkGOlNslfR","workflowName":"Ijazah","executionId":"124","nodeType":"n8n-nodes-base.code","nodeName":"Code in JavaScript","nodeId":"19f577c9-57a3-4205-a018-e6c1e4acc116"}}
{"__type":"$$EventMessageConfirm","confirm":"e50c8151-3971-48d6-873c-38097d60764d","ts":"2025-12-18T14:43:32.189+07:00","source":{"id":"0","name":"eventBus"}}
{"__type":"$$EventMessageNode","id":"feaf0f59-b241-4e4a-978d-0f6873dbc797","ts":"2025-12-18T14:43:32.198+07:00","eventName":"n8n.node.finished","message":"n8n.node.finished","payload":{"workflowId":"aAVgvQYkGOlNslfR","workflowName":"Ijazah","executionId":"124","nodeType":"n8n-nodes-base.code","nodeName":"Code in JavaScript","nodeId":"19f577c9-57a3-4205-a018-e6c1e4acc116"}}
{"__type":"$$EventMessageConfirm","confirm":"feaf0f59-b241-4e4a-978d-0f6873dbc797","ts":"2025-12-18T14:43:32.198+07:00","source":{"id":"0","name":"eventBus"}}
{"__type":"$$EventMessageNode","id":"eed6de1c-6c72-474b-bb12-402e8ae0b975","ts":"2025-12-18T14:43:32.200+07:00","eventName":"n8n.node.started","message":"n8n.node.started","payload":{"workflowId":"aAVgvQYkGOlNslfR","workflowName":"Ijazah","executionId":"124","nodeType":"n8n-nodes-base.mySql","nodeName":"MySQL","nodeId":"160e0b02-6a0e-40e4-be40-4ed2f51308a3"}}
{"__type":"$$EventMessageConfirm","confirm":"eed6de1c-6c72-474b-bb12-402e8ae0b975","ts":"2025-12-18T14:43:32.200+07:00","source":{"id":"0","name":"eventBus"}}
{"__type":"$$EventMessageNode","id":"ff83fb9c-23cf-477d-8228-eea3f62e9095","ts":"2025-12-18T14:43:32.214+07:00","eventName":"n8n.node.finished","message":"n8n.node.finished","payload":{"workflowId":"aAVgvQYkGOlNslfR","workflowName":"Ijazah","executionId":"124","nodeType":"n8n-nodes-base.mySql","nodeName":"MySQL","nodeId":"160e0b02-6a0e-40e4-be40-4ed2f51308a3"}}
{"__type":"$$EventMessageConfirm","confirm":"ff83fb9c-23cf-477d-8228-eea3f62e9095","ts":"2025-12-18T14:43:32.214+07:00","source":{"id":"0","name":"eventBus"}}
{"__type":"$$EventMessageNode","id":"9736cf9d-bf58-427d-b163-b3551b2c0af2","ts":"2025-12-18T14:43:32.215+07:00","eventName":"n8n.node.started","message":"n8n.node.started","payload":{"workflowId":"aAVgvQYkGOlNslfR","workflowName":"Ijazah","executionId":"124","nodeType":"n8n-nodes-base.if","nodeName":"If","nodeId":"c89494d5-54a9-409d-8c02-d47fc6edf3dd"}}
{"__type":"$$EventMessageConfirm","confirm":"9736cf9d-bf58-427d-b163-b3551b2c0af2","ts":"2025-12-18T14:43:32.215+07:00","source":{"id":"0","name":"eventBus"}}
{"__type":"$$EventMessageNode","id":"f9ca879f-792c-49ee-966d-641ebe33c76f","ts":"2025-12-18T14:43:32.217+07:00","eventName":"n8n.node.finished","message":"n8n.node.finished","payload":{"workflowId":"aAVgvQYkGOlNslfR","workflowName":"Ijazah","executionId":"124","nodeType":"n8n-nodes-base.if","nodeName":"If","nodeId":"c89494d5-54a9-409d-8c02-d47fc6edf3dd"}}
{"__type":"$$EventMessageConfirm","confirm":"f9ca879f-792c-49ee-966d-641ebe33c76f","ts":"2025-12-18T14:43:32.217+07:00","source":{"id":"0","name":"eventBus"}}
{"__type":"$$EventMessageNode","id":"271ee300-72a4-4b1f-8e12-a96550c0cbd2","ts":"2025-12-18T14:43:32.217+07:00","eventName":"n8n.node.started","message":"n8n.node.started","payload":{"workflowId":"aAVgvQYkGOlNslfR","workflowName":"Ijazah","executionId":"124","nodeType":"@devlikeapro/n8n-nodes-waha.WAHA","nodeName":"Send a text message2","nodeId":"be0e5fb7-3378-4a43-bea4-52bac54e1d7f"}}
{"__type":"$$EventMessageConfirm","confirm":"271ee300-72a4-4b1f-8e12-a96550c0cbd2","ts":"2025-12-18T14:43:32.218+07:00","source":{"id":"0","name":"eventBus"}}
{"__type":"$$EventMessageNode","id":"1d0528fe-fe53-4616-bc17-325a24ac045e","ts":"2025-12-18T14:43:32.292+07:00","eventName":"n8n.node.finished","message":"n8n.node.finished","payload":{"workflowId":"aAVgvQYkGOlNslfR","workflowName":"Ijazah","executionId":"124","nodeType":"@devlikeapro/n8n-nodes-waha.WAHA","nodeName":"Send a text message2","nodeId":"be0e5fb7-3378-4a43-bea4-52bac54e1d7f"}}
{"__type":"$$EventMessageConfirm","confirm":"1d0528fe-fe53-4616-bc17-325a24ac045e","ts":"2025-12-18T14:43:32.293+07:00","source":{"id":"0","name":"eventBus"}}
{"__type":"$$EventMessageWorkflow","id":"fb67090d-2e88-4024-ad27-ec2417522ac1","ts":"2025-12-18T14:43:32.307+07:00","eventName":"n8n.workflow.success","message":"n8n.workflow.success","payload":{"executionId":"124","success":true,"isManual":true,"workflowId":"aAVgvQYkGOlNslfR","workflowName":"Ijazah"}}
{"__type":"$$EventMessageConfirm","confirm":"fb67090d-2e88-4024-ad27-ec2417522ac1","ts":"2025-12-18T14:43:32.308+07:00","source":{"id":"0","name":"eventBus"}}
{"__type":"$$EventMessageWorkflow","id":"4d22f3e6-67b5-4bd2-8bcd-7904af8b7587","ts":"2025-12-18T14:44:24.121+07:00","eventName":"n8n.workflow.started","message":"n8n.workflow.started","payload":{"executionId":"125","workflowId":"aAVgvQYkGOlNslfR","isManual":false,"workflowName":"Ijazah"}}
{"__type":"$$EventMessageConfirm","confirm":"4d22f3e6-67b5-4bd2-8bcd-7904af8b7587","ts":"2025-12-18T14:44:24.121+07:00","source":{"id":"0","name":"eventBus"}}
{"__type":"$$EventMessageNode","id":"2a15b71e-da7b-484a-9e7b-27122ede1927","ts":"2025-12-18T14:44:24.121+07:00","eventName":"n8n.node.started","message":"n8n.node.started","payload":{"workflowId":"aAVgvQYkGOlNslfR","workflowName":"Ijazah","executionId":"125","nodeType":"n8n-nodes-base.webhook","nodeName":"Webhook","nodeId":"d910cb0d-d8b2-4fe9-8844-dd1b9c847a8b"}}
{"__type":"$$EventMessageConfirm","confirm":"2a15b71e-da7b-484a-9e7b-27122ede1927","ts":"2025-12-18T14:44:24.122+07:00","source":{"id":"0","name":"eventBus"}}
{"__type":"$$EventMessageNode","id":"105fb758-1147-44f4-a092-1a49ef27088a","ts":"2025-12-18T14:44:24.123+07:00","eventName":"n8n.node.finished","message":"n8n.node.finished","payload":{"workflowId":"aAVgvQYkGOlNslfR","workflowName":"Ijazah","executionId":"125","nodeType":"n8n-nodes-base.webhook","nodeName":"Webhook","nodeId":"d910cb0d-d8b2-4fe9-8844-dd1b9c847a8b"}}
{"__type":"$$EventMessageConfirm","confirm":"105fb758-1147-44f4-a092-1a49ef27088a","ts":"2025-12-18T14:44:24.123+07:00","source":{"id":"0","name":"eventBus"}}
{"__type":"$$EventMessageNode","id":"99724f3d-d87b-4a32-a1dc-b4ddbb6f5d1b","ts":"2025-12-18T14:44:24.125+07:00","eventName":"n8n.node.started","message":"n8n.node.started","payload":{"workflowId":"aAVgvQYkGOlNslfR","workflowName":"Ijazah","executionId":"125","nodeType":"@devlikeapro/n8n-nodes-waha.WAHA","nodeName":"Send a text message","nodeId":"abfd3002-ff02-4e86-a4ae-6ab8482beb3a"}}
{"__type":"$$EventMessageConfirm","confirm":"99724f3d-d87b-4a32-a1dc-b4ddbb6f5d1b","ts":"2025-12-18T14:44:24.125+07:00","source":{"id":"0","name":"eventBus"}}
{"__type":"$$EventMessageNode","id":"e380c2be-fb1d-4cff-ba89-4391dc68b095","ts":"2025-12-18T14:44:24.217+07:00","eventName":"n8n.node.finished","message":"n8n.node.finished","payload":{"workflowId":"aAVgvQYkGOlNslfR","workflowName":"Ijazah","executionId":"125","nodeType":"@devlikeapro/n8n-nodes-waha.WAHA","nodeName":"Send a text message","nodeId":"abfd3002-ff02-4e86-a4ae-6ab8482beb3a"}}
{"__type":"$$EventMessageConfirm","confirm":"e380c2be-fb1d-4cff-ba89-4391dc68b095","ts":"2025-12-18T14:44:24.217+07:00","source":{"id":"0","name":"eventBus"}}
{"__type":"$$EventMessageNode","id":"b9e07b2d-11ee-4691-b6d7-95a392ba431f","ts":"2025-12-18T14:44:24.218+07:00","eventName":"n8n.node.started","message":"n8n.node.started","payload":{"workflowId":"aAVgvQYkGOlNslfR","workflowName":"Ijazah","executionId":"125","nodeType":"n8n-nodes-base.readWriteFile","nodeName":"Read/Write Files from Disk","nodeId":"2804feee-2a38-44b8-a96f-5bf3b9fab5bf"}}
{"__type":"$$EventMessageConfirm","confirm":"b9e07b2d-11ee-4691-b6d7-95a392ba431f","ts":"2025-12-18T14:44:24.218+07:00","source":{"id":"0","name":"eventBus"}}
{"__type":"$$EventMessageNode","id":"041f673d-800f-40db-a2ef-d225801c7624","ts":"2025-12-18T14:44:24.222+07:00","eventName":"n8n.node.finished","message":"n8n.node.finished","payload":{"workflowId":"aAVgvQYkGOlNslfR","workflowName":"Ijazah","executionId":"125","nodeType":"n8n-nodes-base.readWriteFile","nodeName":"Read/Write Files from Disk","nodeId":"2804feee-2a38-44b8-a96f-5bf3b9fab5bf"}}
{"__type":"$$EventMessageConfirm","confirm":"041f673d-800f-40db-a2ef-d225801c7624","ts":"2025-12-18T14:44:24.222+07:00","source":{"id":"0","name":"eventBus"}}
{"__type":"$$EventMessageNode","id":"921566c5-5a23-4475-90e4-c06ad20cbf17","ts":"2025-12-18T14:44:24.224+07:00","eventName":"n8n.node.started","message":"n8n.node.started","payload":{"workflowId":"aAVgvQYkGOlNslfR","workflowName":"Ijazah","executionId":"125","nodeType":"n8n-nodes-base.executeCommand","nodeName":"Execute Command","nodeId":"69037477-3fcb-457f-bddf-769d413f5895"}}
{"__type":"$$EventMessageConfirm","confirm":"921566c5-5a23-4475-90e4-c06ad20cbf17","ts":"2025-12-18T14:44:24.224+07:00","source":{"id":"0","name":"eventBus"}}
{"__type":"$$EventMessageNode","id":"3bfbcd62-27a4-4284-a24b-7d3830838b1c","ts":"2025-12-18T14:44:25.677+07:00","eventName":"n8n.node.finished","message":"n8n.node.finished","payload":{"workflowId":"aAVgvQYkGOlNslfR","workflowName":"Ijazah","executionId":"125","nodeType":"n8n-nodes-base.executeCommand","nodeName":"Execute Command","nodeId":"69037477-3fcb-457f-bddf-769d413f5895"}}
{"__type":"$$EventMessageConfirm","confirm":"3bfbcd62-27a4-4284-a24b-7d3830838b1c","ts":"2025-12-18T14:44:25.677+07:00","source":{"id":"0","name":"eventBus"}}
{"__type":"$$EventMessageNode","id":"c2bd962c-3815-45d4-9084-231dcceec714","ts":"2025-12-18T14:44:25.678+07:00","eventName":"n8n.node.started","message":"n8n.node.started","payload":{"workflowId":"aAVgvQYkGOlNslfR","workflowName":"Ijazah","executionId":"125","nodeType":"n8n-nodes-base.code","nodeName":"Code in JavaScript","nodeId":"19f577c9-57a3-4205-a018-e6c1e4acc116"}}
{"__type":"$$EventMessageConfirm","confirm":"c2bd962c-3815-45d4-9084-231dcceec714","ts":"2025-12-18T14:44:25.678+07:00","source":{"id":"0","name":"eventBus"}}
{"__type":"$$EventMessageNode","id":"3638d9d6-ec99-41d4-8970-c81ffcebfaaf","ts":"2025-12-18T14:44:25.685+07:00","eventName":"n8n.node.finished","message":"n8n.node.finished","payload":{"workflowId":"aAVgvQYkGOlNslfR","workflowName":"Ijazah","executionId":"125","nodeType":"n8n-nodes-base.code","nodeName":"Code in JavaScript","nodeId":"19f577c9-57a3-4205-a018-e6c1e4acc116"}}
{"__type":"$$EventMessageConfirm","confirm":"3638d9d6-ec99-41d4-8970-c81ffcebfaaf","ts":"2025-12-18T14:44:25.685+07:00","source":{"id":"0","name":"eventBus"}}
{"__type":"$$EventMessageNode","id":"62adde6e-dc3b-43c1-9b31-1611970964be","ts":"2025-12-18T14:44:25.687+07:00","eventName":"n8n.node.started","message":"n8n.node.started","payload":{"workflowId":"aAVgvQYkGOlNslfR","workflowName":"Ijazah","executionId":"125","nodeType":"n8n-nodes-base.mySql","nodeName":"MySQL","nodeId":"160e0b02-6a0e-40e4-be40-4ed2f51308a3"}}
{"__type":"$$EventMessageConfirm","confirm":"62adde6e-dc3b-43c1-9b31-1611970964be","ts":"2025-12-18T14:44:25.687+07:00","source":{"id":"0","name":"eventBus"}}
{"__type":"$$EventMessageNode","id":"d63fa155-2aad-41ff-b5a7-b521f12715e0","ts":"2025-12-18T14:44:25.701+07:00","eventName":"n8n.node.finished","message":"n8n.node.finished","payload":{"workflowId":"aAVgvQYkGOlNslfR","workflowName":"Ijazah","executionId":"125","nodeType":"n8n-nodes-base.mySql","nodeName":"MySQL","nodeId":"160e0b02-6a0e-40e4-be40-4ed2f51308a3"}}
{"__type":"$$EventMessageConfirm","confirm":"d63fa155-2aad-41ff-b5a7-b521f12715e0","ts":"2025-12-18T14:44:25.702+07:00","source":{"id":"0","name":"eventBus"}}
{"__type":"$$EventMessageNode","id":"f7fc5f83-b641-4e2b-8996-b75145f23c41","ts":"2025-12-18T14:44:25.702+07:00","eventName":"n8n.node.started","message":"n8n.node.started","payload":{"workflowId":"aAVgvQYkGOlNslfR","workflowName":"Ijazah","executionId":"125","nodeType":"n8n-nodes-base.if","nodeName":"If","nodeId":"c89494d5-54a9-409d-8c02-d47fc6edf3dd"}}
{"__type":"$$EventMessageConfirm","confirm":"f7fc5f83-b641-4e2b-8996-b75145f23c41","ts":"2025-12-18T14:44:25.703+07:00","source":{"id":"0","name":"eventBus"}}
{"__type":"$$EventMessageNode","id":"f9a8bff3-a15a-495f-8487-5743ebc23f4a","ts":"2025-12-18T14:44:25.704+07:00","eventName":"n8n.node.finished","message":"n8n.node.finished","payload":{"workflowId":"aAVgvQYkGOlNslfR","workflowName":"Ijazah","executionId":"125","nodeType":"n8n-nodes-base.if","nodeName":"If","nodeId":"c89494d5-54a9-409d-8c02-d47fc6edf3dd"}}
{"__type":"$$EventMessageConfirm","confirm":"f9a8bff3-a15a-495f-8487-5743ebc23f4a","ts":"2025-12-18T14:44:25.704+07:00","source":{"id":"0","name":"eventBus"}}
{"__type":"$$EventMessageNode","id":"b14a87e7-5bda-4ccf-a3bc-eed434cfd1b2","ts":"2025-12-18T14:44:25.705+07:00","eventName":"n8n.node.started","message":"n8n.node.started","payload":{"workflowId":"aAVgvQYkGOlNslfR","workflowName":"Ijazah","executionId":"125","nodeType":"@devlikeapro/n8n-nodes-waha.WAHA","nodeName":"Send a text message1","nodeId":"a589a592-d125-4a49-be28-b7fca4ebbea0"}}
{"__type":"$$EventMessageConfirm","confirm":"b14a87e7-5bda-4ccf-a3bc-eed434cfd1b2","ts":"2025-12-18T14:44:25.705+07:00","source":{"id":"0","name":"eventBus"}}
{"__type":"$$EventMessageNode","id":"f6b20775-2ebd-402f-94b0-9bac93051c08","ts":"2025-12-18T14:44:25.769+07:00","eventName":"n8n.node.finished","message":"n8n.node.finished","payload":{"workflowId":"aAVgvQYkGOlNslfR","workflowName":"Ijazah","executionId":"125","nodeType":"@devlikeapro/n8n-nodes-waha.WAHA","nodeName":"Send a text message1","nodeId":"a589a592-d125-4a49-be28-b7fca4ebbea0"}}
{"__type":"$$EventMessageConfirm","confirm":"f6b20775-2ebd-402f-94b0-9bac93051c08","ts":"2025-12-18T14:44:25.770+07:00","source":{"id":"0","name":"eventBus"}}
{"__type":"$$EventMessageWorkflow","id":"261ee1f9-a765-4487-835b-3c43d9d5ef32","ts":"2025-12-18T14:44:25.790+07:00","eventName":"n8n.workflow.success","message":"n8n.workflow.success","payload":{"executionId":"125","success":true,"isManual":true,"workflowId":"aAVgvQYkGOlNslfR","workflowName":"Ijazah"}}
{"__type":"$$EventMessageConfirm","confirm":"261ee1f9-a765-4487-835b-3c43d9d5ef32","ts":"2025-12-18T14:44:25.791+07:00","source":{"id":"0","name":"eventBus"}}
